<?xml version="1.0" encoding="UTF-8"?>
<testsuite name="soonmap.controller.AdminControllerTest" tests="1" skipped="0" failures="0" errors="0" timestamp="2023-08-02T06:44:51" hostname="용준이" time="0.1">
  <properties/>
  <testcase name="어드민 계정 조회 실패 테스트" classname="soonmap.controller.AdminControllerTest" time="0.1"/>
  <system-out><![CDATA[15:44:48.223 [Test worker] DEBUG org.springframework.test.context.BootstrapUtils - Instantiating CacheAwareContextLoaderDelegate from class [org.springframework.test.context.cache.DefaultCacheAwareContextLoaderDelegate]
15:44:48.236 [Test worker] DEBUG org.springframework.test.context.BootstrapUtils - Instantiating BootstrapContext using constructor [public org.springframework.test.context.support.DefaultBootstrapContext(java.lang.Class,org.springframework.test.context.CacheAwareContextLoaderDelegate)]
15:44:48.269 [Test worker] DEBUG org.springframework.test.context.BootstrapUtils - Instantiating TestContextBootstrapper for test class [soonmap.controller.AdminControllerTest] from class [org.springframework.boot.test.autoconfigure.web.servlet.WebMvcTestContextBootstrapper]
15:44:48.281 [Test worker] INFO org.springframework.boot.test.autoconfigure.web.servlet.WebMvcTestContextBootstrapper - Neither @ContextConfiguration nor @ContextHierarchy found for test class [soonmap.controller.AdminControllerTest], using SpringBootContextLoader
15:44:48.286 [Test worker] DEBUG org.springframework.test.context.support.AbstractContextLoader - Did not detect default resource location for test class [soonmap.controller.AdminControllerTest]: class path resource [soonmap/controller/AdminControllerTest-context.xml] does not exist
15:44:48.287 [Test worker] DEBUG org.springframework.test.context.support.AbstractContextLoader - Did not detect default resource location for test class [soonmap.controller.AdminControllerTest]: class path resource [soonmap/controller/AdminControllerTestContext.groovy] does not exist
15:44:48.287 [Test worker] INFO org.springframework.test.context.support.AbstractContextLoader - Could not detect default resource locations for test class [soonmap.controller.AdminControllerTest]: no resource found for suffixes {-context.xml, Context.groovy}.
15:44:48.288 [Test worker] INFO org.springframework.test.context.support.AnnotationConfigContextLoaderUtils - Could not detect default configuration classes for test class [soonmap.controller.AdminControllerTest]: AdminControllerTest does not declare any static, non-private, non-final, nested classes annotated with @Configuration.
15:44:48.374 [Test worker] DEBUG org.springframework.test.context.support.ActiveProfilesUtils - Could not find an 'annotation declaring class' for annotation type [org.springframework.test.context.ActiveProfiles] and class [soonmap.controller.AdminControllerTest]
15:44:48.449 [Test worker] DEBUG org.springframework.context.annotation.ClassPathScanningCandidateComponentProvider - Identified candidate component class: file [C:\Users\kevin\OneDrive\바탕 화면\API\SoonMap_Server\build\classes\java\main\soonmap\SoonMapApplication.class]
15:44:48.451 [Test worker] INFO org.springframework.boot.test.context.SpringBootTestContextBootstrapper - Found @SpringBootConfiguration soonmap.SoonMapApplication for test class soonmap.controller.AdminControllerTest
15:44:48.454 [Test worker] DEBUG org.springframework.boot.test.autoconfigure.web.servlet.WebMvcTestContextBootstrapper - @TestExecutionListeners is not present for class [soonmap.controller.AdminControllerTest]: using defaults.
15:44:48.455 [Test worker] INFO org.springframework.boot.test.autoconfigure.web.servlet.WebMvcTestContextBootstrapper - Loaded default TestExecutionListener class names from location [META-INF/spring.factories]: [org.springframework.security.test.context.support.WithSecurityContextTestExecutionListener, org.springframework.security.test.context.support.ReactorContextTestExecutionListener, org.springframework.boot.test.autoconfigure.restdocs.RestDocsTestExecutionListener, org.springframework.boot.test.autoconfigure.web.client.MockRestServiceServerResetTestExecutionListener, org.springframework.boot.test.autoconfigure.web.servlet.MockMvcPrintOnlyOnFailureTestExecutionListener, org.springframework.boot.test.autoconfigure.web.servlet.WebDriverTestExecutionListener, org.springframework.boot.test.autoconfigure.webservices.client.MockWebServiceServerTestExecutionListener, org.springframework.boot.test.mock.mockito.MockitoTestExecutionListener, org.springframework.boot.test.mock.mockito.ResetMocksTestExecutionListener, org.springframework.test.context.web.ServletTestExecutionListener, org.springframework.test.context.support.DirtiesContextBeforeModesTestExecutionListener, org.springframework.test.context.event.ApplicationEventsTestExecutionListener, org.springframework.test.context.support.DependencyInjectionTestExecutionListener, org.springframework.test.context.support.DirtiesContextTestExecutionListener, org.springframework.test.context.transaction.TransactionalTestExecutionListener, org.springframework.test.context.jdbc.SqlScriptsTestExecutionListener, org.springframework.test.context.event.EventPublishingTestExecutionListener]
15:44:48.481 [Test worker] INFO org.springframework.boot.test.autoconfigure.web.servlet.WebMvcTestContextBootstrapper - Using TestExecutionListeners: [org.springframework.test.context.web.ServletTestExecutionListener@3e2fc448, org.springframework.test.context.support.DirtiesContextBeforeModesTestExecutionListener@21680803, org.springframework.test.context.event.ApplicationEventsTestExecutionListener@588ab592, org.springframework.boot.test.mock.mockito.MockitoTestExecutionListener@c8b96ec, org.springframework.boot.test.autoconfigure.SpringBootDependencyInjectionTestExecutionListener@4cc61eb1, org.springframework.test.context.support.DirtiesContextTestExecutionListener@2d8f2f3a, org.springframework.test.context.transaction.TransactionalTestExecutionListener@2024293c, org.springframework.test.context.jdbc.SqlScriptsTestExecutionListener@7048f722, org.springframework.security.test.context.support.WithSecurityContextTestExecutionListener@c074c0c, org.springframework.test.context.event.EventPublishingTestExecutionListener@58a55449, org.springframework.security.test.context.support.ReactorContextTestExecutionListener@5949eba8, org.springframework.boot.test.autoconfigure.restdocs.RestDocsTestExecutionListener@6e0ff644, org.springframework.boot.test.autoconfigure.web.client.MockRestServiceServerResetTestExecutionListener@58dea0a5, org.springframework.boot.test.autoconfigure.web.servlet.MockMvcPrintOnlyOnFailureTestExecutionListener@2a2bb0eb, org.springframework.boot.test.autoconfigure.web.servlet.WebDriverTestExecutionListener@3c291aad, org.springframework.boot.test.autoconfigure.webservices.client.MockWebServiceServerTestExecutionListener@2d0566ba, org.springframework.boot.test.mock.mockito.ResetMocksTestExecutionListener@733037]
15:44:48.487 [Test worker] DEBUG org.springframework.test.context.support.AbstractDirtiesContextTestExecutionListener - Before test class: context [DefaultTestContext@1bc53649 testClass = AdminControllerTest, testInstance = [null], testMethod = [null], testException = [null], mergedContextConfiguration = [WebMergedContextConfiguration@88d6f9b testClass = AdminControllerTest, locations = '{}', classes = '{class soonmap.SoonMapApplication}', contextInitializerClasses = '[]', activeProfiles = '{}', propertySourceLocations = '{}', propertySourceProperties = '{org.springframework.boot.test.autoconfigure.web.servlet.WebMvcTestContextBootstrapper=true}', contextCustomizers = set[org.springframework.boot.test.autoconfigure.OverrideAutoConfigurationContextCustomizerFactory$DisableAutoConfigurationContextCustomizer@5bf22f18, org.springframework.boot.test.autoconfigure.actuate.metrics.MetricsExportContextCustomizerFactory$DisableMetricExportContextCustomizer@3efe7086, org.springframework.boot.test.autoconfigure.filter.TypeExcludeFiltersContextCustomizer@3181ec8a, org.springframework.boot.test.autoconfigure.properties.PropertyMappingContextCustomizer@cf42031d, org.springframework.boot.test.autoconfigure.web.servlet.WebDriverContextCustomizerFactory$Customizer@79e18e38, [ImportsContextCustomizer@47d93e0d key = [org.springframework.boot.autoconfigure.cache.CacheAutoConfiguration, org.springframework.boot.autoconfigure.context.MessageSourceAutoConfiguration, org.springframework.boot.autoconfigure.data.web.SpringDataWebAutoConfiguration, org.springframework.boot.autoconfigure.freemarker.FreeMarkerAutoConfiguration, org.springframework.boot.autoconfigure.groovy.template.GroovyTemplateAutoConfiguration, org.springframework.boot.autoconfigure.gson.GsonAutoConfiguration, org.springframework.boot.autoconfigure.hateoas.HypermediaAutoConfiguration, org.springframework.boot.autoconfigure.http.HttpMessageConvertersAutoConfiguration, org.springframework.boot.autoconfigure.jackson.JacksonAutoConfiguration, org.springframework.boot.autoconfigure.jsonb.JsonbAutoConfiguration, org.springframework.boot.autoconfigure.mustache.MustacheAutoConfiguration, org.springframework.boot.autoconfigure.task.TaskExecutionAutoConfiguration, org.springframework.boot.autoconfigure.thymeleaf.ThymeleafAutoConfiguration, org.springframework.boot.autoconfigure.validation.ValidationAutoConfiguration, org.springframework.boot.autoconfigure.web.servlet.error.ErrorMvcAutoConfiguration, org.springframework.boot.autoconfigure.web.servlet.HttpEncodingAutoConfiguration, org.springframework.boot.autoconfigure.web.servlet.WebMvcAutoConfiguration, org.springframework.boot.test.autoconfigure.web.servlet.MockMvcAutoConfiguration, org.springframework.boot.test.autoconfigure.web.servlet.MockMvcWebClientAutoConfiguration, org.springframework.boot.test.autoconfigure.web.servlet.MockMvcWebDriverAutoConfiguration, org.springframework.boot.autoconfigure.security.oauth2.client.servlet.OAuth2ClientAutoConfiguration, org.springframework.boot.autoconfigure.security.oauth2.resource.servlet.OAuth2ResourceServerAutoConfiguration, org.springframework.boot.autoconfigure.security.servlet.SecurityAutoConfiguration, org.springframework.boot.autoconfigure.security.servlet.SecurityFilterAutoConfiguration, org.springframework.boot.autoconfigure.security.servlet.UserDetailsServiceAutoConfiguration, org.springframework.boot.test.autoconfigure.web.servlet.MockMvcSecurityConfiguration, org.springframework.boot.test.autoconfigure.web.reactive.WebTestClientAutoConfiguration]], org.springframework.boot.test.context.filter.ExcludeFilterContextCustomizer@5118388b, org.springframework.boot.test.json.DuplicateJsonObjectContextCustomizerFactory$DuplicateJsonObjectContextCustomizer@4a3e3e8b, org.springframework.boot.test.mock.mockito.MockitoContextCustomizer@65026a20, org.springframework.boot.test.context.SpringBootTestArgs@1, org.springframework.boot.test.context.SpringBootTestWebEnvironment@0], resourceBasePath = 'src/main/webapp', contextLoader = 'org.springframework.boot.test.context.SpringBootContextLoader', parent = [null]], attributes = map[[empty]]], class annotated with @DirtiesContext [false] with mode [null].

  .   ____          _            __ _ _
 /\\ / ___'_ __ _ _(_)_ __  __ _ \ \ \ \
( ( )\___ | '_ | '_| | '_ \/ _` | \ \ \ \
 \\/  ___)| |_)| | | | | || (_| |  ) ) ) )
  '  |____| .__|_| |_|_| |_\__, | / / / /
 =========|_|==============|___/=/_/_/_/
 :: Spring Boot ::               (v2.7.13)

2023-08-02 15:44:48.904  WARN 3976 --- [    Test worker] ory$DuplicateJsonObjectContextCustomizer : 

Found multiple occurrences of org.json.JSONObject on the class path:

	jar:file:/C:/Users/kevin/.gradle/caches/modules-2/files-2.1/org.json/json/20211205/47032dcf2f69880f07dab3dc60b4b0ad97318308/json-20211205.jar!/org/json/JSONObject.class
	jar:file:/C:/Users/kevin/.gradle/caches/modules-2/files-2.1/com.vaadin.external.google/android-json/0.0.20131108.vaadin1/fa26d351fe62a6a17f5cda1287c1c6110dec413f/android-json-0.0.20131108.vaadin1.jar!/org/json/JSONObject.class

You may wish to exclude one of them to ensure predictable runtime behavior

2023-08-02 15:44:48.915  INFO 3976 --- [    Test worker] soonmap.controller.AdminControllerTest   : Starting AdminControllerTest using Java 11.0.17 on 용준이 with PID 3976 (started by kevin in C:\Users\kevin\OneDrive\바탕 화면\API\SoonMap_Server)
2023-08-02 15:44:48.916  INFO 3976 --- [    Test worker] soonmap.controller.AdminControllerTest   : No active profile set, falling back to 1 default profile: "default"
2023-08-02 15:44:51.330  INFO 3976 --- [    Test worker] o.s.s.web.DefaultSecurityFilterChain     : Will secure any request with [org.springframework.security.web.session.DisableEncodeUrlFilter@6fe5da76, org.springframework.security.web.context.request.async.WebAsyncManagerIntegrationFilter@77d95e5a, org.springframework.security.web.context.SecurityContextPersistenceFilter@3fe98084, org.springframework.security.web.header.HeaderWriterFilter@4a944af9, org.springframework.security.web.csrf.CsrfFilter@31082efa, org.springframework.security.web.authentication.logout.LogoutFilter@4ed19b69, org.springframework.security.web.authentication.UsernamePasswordAuthenticationFilter@29188050, org.springframework.security.web.authentication.ui.DefaultLoginPageGeneratingFilter@c5a2d5, org.springframework.security.web.authentication.ui.DefaultLogoutPageGeneratingFilter@6339e604, org.springframework.security.web.authentication.www.BasicAuthenticationFilter@420b55ed, org.springframework.security.web.savedrequest.RequestCacheAwareFilter@6fa3def8, org.springframework.security.web.servletapi.SecurityContextHolderAwareRequestFilter@1c3d9e28, org.springframework.security.web.authentication.AnonymousAuthenticationFilter@4f8900b0, org.springframework.security.web.session.SessionManagementFilter@6c1e40d9, org.springframework.security.web.access.ExceptionTranslationFilter@14239223, org.springframework.security.web.access.intercept.FilterSecurityInterceptor@7a7f9d45]
2023-08-02 15:44:51.424  INFO 3976 --- [    Test worker] o.s.b.t.m.w.SpringBootMockServletContext : Initializing Spring TestDispatcherServlet ''
2023-08-02 15:44:51.424  INFO 3976 --- [    Test worker] o.s.t.web.servlet.TestDispatcherServlet  : Initializing Servlet ''
2023-08-02 15:44:51.425  INFO 3976 --- [    Test worker] o.s.t.web.servlet.TestDispatcherServlet  : Completed initialization in 1 ms
2023-08-02 15:44:51.452  INFO 3976 --- [    Test worker] soonmap.controller.AdminControllerTest   : Started AdminControllerTest in 2.908 seconds (JVM running for 5.019)

MockHttpServletRequest:
      HTTP Method = GET
      Request URI = /admin/account/all
       Parameters = {}
          Headers = []
             Body = null
    Session Attrs = {SPRING_SECURITY_SAVED_REQUEST=DefaultSavedRequest [http://localhost/admin/account/all]}

Handler:
             Type = null

Async:
    Async started = false
     Async result = null

Resolved Exception:
             Type = null

ModelAndView:
        View name = null
             View = null
            Model = null

FlashMap:
       Attributes = null

MockHttpServletResponse:
           Status = 401
    Error message = Unauthorized
          Headers = [WWW-Authenticate:"Basic realm="Realm"", X-Content-Type-Options:"nosniff", X-XSS-Protection:"1; mode=block", Cache-Control:"no-cache, no-store, max-age=0, must-revalidate", Pragma:"no-cache", Expires:"0", X-Frame-Options:"DENY"]
     Content type = null
             Body = 
    Forwarded URL = null
   Redirected URL = null
          Cookies = []
]]></system-out>
  <system-err><![CDATA[]]></system-err>
</testsuite>
